Creating scope :of_projects. Overwriting existing method MergeRequest.of_projects.
Creating scope :join_project. Overwriting existing method MergeRequest.join_project.
Creating scope :references_project. Overwriting existing method MergeRequest.references_project.
Creating scope :system. Overwriting existing method Note.system.
Creating scope :order_name_asc. Overwriting existing method Member.order_name_asc.
Creating scope :order_name_desc. Overwriting existing method Member.order_name_desc.
Creating scope :system. Overwriting existing method Importers::PrometheusMetric.system.
Creating scope :of_projects. Overwriting existing method MergeRequest.of_projects.
Creating scope :join_project. Overwriting existing method MergeRequest.join_project.
Creating scope :references_project. Overwriting existing method MergeRequest.references_project.
Creating scope :system. Overwriting existing method Note.system.
Creating scope :of_projects. Overwriting existing method MergeRequest.of_projects.
Creating scope :join_project. Overwriting existing method MergeRequest.join_project.
Creating scope :references_project. Overwriting existing method MergeRequest.references_project.
Creating scope :system. Overwriting existing method Note.system.
Creating scope :created. Overwriting existing method Ci::Stage.created.
Creating scope :pending. Overwriting existing method Ci::Stage.pending.
Creating scope :running. Overwriting existing method Ci::Stage.running.
Creating scope :success. Overwriting existing method Ci::Stage.success.
Creating scope :failed. Overwriting existing method Ci::Stage.failed.
Creating scope :canceled. Overwriting existing method Ci::Stage.canceled.
Creating scope :skipped. Overwriting existing method Ci::Stage.skipped.
Creating scope :manual. Overwriting existing method Ci::Stage.manual.
Creating scope :scheduled. Overwriting existing method Ci::Stage.scheduled.
Creating scope :order_name_asc. Overwriting existing method Label.order_name_asc.
Creating scope :order_name_desc. Overwriting existing method Label.order_name_desc.
Creating scope :of_projects. Overwriting existing method MergeRequest.of_projects.
Creating scope :join_project. Overwriting existing method MergeRequest.join_project.
Creating scope :references_project. Overwriting existing method MergeRequest.references_project.
Creating scope :system. Overwriting existing method Note.system.
Creating scope :order_name_asc. Overwriting existing method Member.order_name_asc.
Creating scope :order_name_desc. Overwriting existing method Member.order_name_desc.
Creating scope :fresh. Overwriting existing method ProjectSnippet.fresh.
Creating scope :system. Overwriting existing method PrometheusMetric.system.
Creating scope :created. Overwriting existing method Ci::Stage.created.
Creating scope :pending. Overwriting existing method Ci::Stage.pending.
Creating scope :running. Overwriting existing method Ci::Stage.running.
Creating scope :success. Overwriting existing method Ci::Stage.success.
Creating scope :failed. Overwriting existing method Ci::Stage.failed.
Creating scope :canceled. Overwriting existing method Ci::Stage.canceled.
Creating scope :skipped. Overwriting existing method Ci::Stage.skipped.
Creating scope :manual. Overwriting existing method Ci::Stage.manual.
Creating scope :scheduled. Overwriting existing method Ci::Stage.scheduled.
Creating scope :order_name_asc. Overwriting existing method Label.order_name_asc.
Creating scope :order_name_desc. Overwriting existing method Label.order_name_desc.
Creating scope :order_name_asc. Overwriting existing method Member.order_name_asc.
Creating scope :order_name_desc. Overwriting existing method Member.order_name_desc.
Creating scope :fresh. Overwriting existing method ProjectSnippet.fresh.
Creating scope :system. Overwriting existing method PrometheusMetric.system.
Started GET "/" for  at 2019-03-26 16:59:40 +0000
Processing by RootController#index as HTML
Redirected to http://example.org/users/sign_in
Filter chain halted as :redirect_unlogged_user rendered or redirected
Completed 302 Found in 122ms (ActiveRecord: 17.8ms)
Started GET "/-/metrics" for 127.0.0.1 at 2019-03-26 17:00:03 +0000
Processing by MetricsController#index as HTML
Completed 200 OK in 206ms (Views: 198.2ms | ActiveRecord: 101.1ms)
Started GET "/help" for 127.0.0.1 at 2019-03-26 17:00:09 +0000
Processing by HelpController#index as */*
Completed 200 OK in 2122ms (Views: 1958.5ms | ActiveRecord: 139.4ms)
Started GET "/-/metrics" for 127.0.0.1 at 2019-03-26 17:00:18 +0000
Processing by MetricsController#index as HTML
Completed 200 OK in 2ms (Views: 0.6ms | ActiveRecord: 0.0ms)
Creating scope :of_projects. Overwriting existing method MergeRequest.of_projects.
Creating scope :join_project. Overwriting existing method MergeRequest.join_project.
Creating scope :references_project. Overwriting existing method MergeRequest.references_project.
Creating scope :system. Overwriting existing method Note.system.
Started GET "/-/metrics" for 127.0.0.1 at 2019-03-26 17:00:33 +0000
Processing by MetricsController#index as HTML
Completed 200 OK in 2ms (Views: 0.5ms | ActiveRecord: 0.0ms)
StuckCiJobsWorker: Cleaning stuck builds
Started GET "/-/metrics" for 127.0.0.1 at 2019-03-26 17:00:48 +0000
Processing by MetricsController#index as HTML
Completed 200 OK in 2ms (Views: 0.5ms | ActiveRecord: 0.0ms)
Started GET "/-/metrics" for 127.0.0.1 at 2019-03-26 17:01:03 +0000
Processing by MetricsController#index as HTML
Completed 200 OK in 2ms (Views: 0.5ms | ActiveRecord: 0.0ms)
Started GET "/help" for 127.0.0.1 at 2019-03-26 17:01:12 +0000
Processing by HelpController#index as */*
Completed 200 OK in 2212ms (Views: 2150.8ms | ActiveRecord: 204.9ms)
Started GET "/-/metrics" for 127.0.0.1 at 2019-03-26 17:01:18 +0000
Processing by MetricsController#index as HTML
Completed 200 OK in 2ms (Views: 0.5ms | ActiveRecord: 0.0ms)
Started GET "/-/metrics" for 127.0.0.1 at 2019-03-26 17:01:33 +0000
Processing by MetricsController#index as HTML
Completed 200 OK in 3ms (Views: 1.3ms | ActiveRecord: 0.0ms)
Started GET "/-/metrics" for 127.0.0.1 at 2019-03-26 17:01:48 +0000
Processing by MetricsController#index as HTML
Completed 200 OK in 2ms (Views: 0.4ms | ActiveRecord: 0.0ms)
Started GET "/-/metrics" for 127.0.0.1 at 2019-03-26 17:02:03 +0000
Processing by MetricsController#index as HTML
Completed 200 OK in 2ms (Views: 0.5ms | ActiveRecord: 0.0ms)
Started GET "/help" for 127.0.0.1 at 2019-03-26 17:02:15 +0000
Processing by HelpController#index as */*
Completed 200 OK in 378ms (Views: 368.3ms | ActiveRecord: 2.6ms)
Started GET "/-/metrics" for 127.0.0.1 at 2019-03-26 17:02:18 +0000
Processing by MetricsController#index as HTML
Completed 200 OK in 2ms (Views: 0.5ms | ActiveRecord: 0.0ms)
Started GET "/-/metrics" for 127.0.0.1 at 2019-03-26 17:02:33 +0000
Processing by MetricsController#index as HTML
Completed 200 OK in 2ms (Views: 0.4ms | ActiveRecord: 0.0ms)
Started GET "/-/metrics" for 127.0.0.1 at 2019-03-26 17:02:48 +0000
Processing by MetricsController#index as HTML
Completed 200 OK in 3ms (Views: 0.9ms | ActiveRecord: 0.0ms)
Started GET "/-/metrics" for 127.0.0.1 at 2019-03-26 17:03:03 +0000
Processing by MetricsController#index as HTML
Completed 200 OK in 3ms (Views: 0.7ms | ActiveRecord: 0.0ms)
Started GET "/help" for 127.0.0.1 at 2019-03-26 17:03:15 +0000
Processing by HelpController#index as */*
Completed 200 OK in 571ms (Views: 563.7ms | ActiveRecord: 1.9ms)
Started GET "/-/metrics" for 127.0.0.1 at 2019-03-26 17:03:18 +0000
Processing by MetricsController#index as HTML
Completed 200 OK in 3ms (Views: 0.5ms | ActiveRecord: 0.0ms)
Started GET "/-/metrics" for 127.0.0.1 at 2019-03-26 17:03:33 +0000
Processing by MetricsController#index as HTML
Completed 200 OK in 2ms (Views: 0.5ms | ActiveRecord: 0.0ms)
Started GET "/-/metrics" for 127.0.0.1 at 2019-03-26 17:03:48 +0000
Processing by MetricsController#index as HTML
Completed 200 OK in 3ms (Views: 0.5ms | ActiveRecord: 0.0ms)
Started GET "/-/metrics" for 127.0.0.1 at 2019-03-26 17:04:03 +0000
Processing by MetricsController#index as HTML
Completed 200 OK in 3ms (Views: 0.4ms | ActiveRecord: 0.0ms)
Started GET "/help" for 127.0.0.1 at 2019-03-26 17:04:16 +0000
Processing by HelpController#index as */*
Completed 200 OK in 945ms (Views: 933.8ms | ActiveRecord: 2.1ms)
Started GET "/-/metrics" for 127.0.0.1 at 2019-03-26 17:04:18 +0000
Processing by MetricsController#index as HTML
Completed 200 OK in 2ms (Views: 0.4ms | ActiveRecord: 0.0ms)
Started GET "/-/metrics" for 127.0.0.1 at 2019-03-26 17:04:33 +0000
Processing by MetricsController#index as HTML
Completed 200 OK in 2ms (Views: 0.4ms | ActiveRecord: 0.0ms)
Started GET "/-/metrics" for 127.0.0.1 at 2019-03-26 17:04:48 +0000
Processing by MetricsController#index as HTML
Completed 200 OK in 2ms (Views: 0.5ms | ActiveRecord: 0.0ms)
